#
# A fatal error has been detected by the Java Runtime Environment:
#
#  EXCEPTION_ACCESS_VIOLATION (0xc0000005) at pc=0x0000000064787363, pid=5440, tid=0x00000000000010cc
#
# JRE version: Java(TM) SE Runtime Environment (8.0_121-b13) (build 1.8.0_121-b13)
# Java VM: Java HotSpot(TM) 64-Bit Server VM (25.121-b13 mixed mode windows-amd64 compressed oops)
# Problematic frame:
# V  [jvm.dll+0x217363]
#
# Failed to write core dump. Minidumps are not enabled by default on client versions of Windows
#
# If you would like to submit a bug report, please visit:
#   http://bugreport.java.com/bugreport/crash.jsp
#

---------------  T H R E A D  ---------------

Current thread (0x0000000055008000):  JavaThread "JDWP Transport Listener: dt_socket" daemon [_thread_in_vm, id=4300, stack(0x00000000568c0000,0x00000000569c0000)]

siginfo: ExceptionCode=0xc0000005, reading address 0x0000000000000258

Registers:
RAX=0x0000000000000200, RBX=0x0000000000000200, RCX=0x0000000000000000, RDX=0x00000000594a4790
RSP=0x00000000569bf5d0, RBP=0x0000000000000000, RSI=0x0000000000000006, RDI=0x00000000594a4790
R8 =0x0000000000000200, R9 =0x0000000055008000, R10=0x0000000000000000, R11=0x0000000000000000
R12=0x0000000000000000, R13=0x000000005500f2f8, R14=0x0000000000000000, R15=0x0000000000000000
RIP=0x0000000064787363, EFLAGS=0x0000000000010206

Top of Stack: (sp=0x00000000569bf5d0)
0x00000000569bf5d0:   0000000055008000 00000000594a4790
0x00000000569bf5e0:   00000000569bf6e8 0000000064730207
0x00000000569bf5f0:   00000000594d1800 0000000064713dc7
0x00000000569bf600:   00000000594a4790 00000000569bf6e8
0x00000000569bf610:   0000000000000006 0000000064719a7a
0x00000000569bf620:   00000000594d1800 0000000064715bf9
0x00000000569bf630:   0000000000000005 0000000000000000
0x00000000569bf640:   00000000569bf720 00000000606210de
0x00000000569bf650:   00000000569bf6e8 00000000648a3a38
0x00000000569bf660:   0000000055008000 000000000027eb50
0x00000000569bf670:   0000000054f0ae78 00000000646ae7e0
0x00000000569bf680:   0000000055008000 0000000000000000
0x00000000569bf690:   0000000000000000 0000000000000000
0x00000000569bf6a0:   00000000569bf720 000000006061d44b
0x00000000569bf6b0:   00000000569bf728 0000000054f0ae78
0x00000000569bf6c0:   0000000054f0ae78 0000000000000000 

Instructions: (pc=0x0000000064787363)
0x0000000064787343:   d9 61 00 00 4c 8b 1f 49 f7 c3 fe ff ff ff 74 32
0x0000000064787353:   41 f6 c3 01 74 89 eb 2a 48 83 e3 fe 48 89 5f 10
0x0000000064787363:   48 8b 43 58 48 89 47 10 48 89 5f 18 e8 ac 61 00
0x0000000064787373:   00 4c 8b 1f 41 f6 c3 01 75 08 48 8b cb e8 ab 18 


Register to memory mapping:

RAX=0x0000000000000200 is an unknown value
RBX=0x0000000000000200 is an unknown value
RCX=0x0000000000000000 is an unknown value
RDX=0x00000000594a4790 is an unknown value
RSP=0x00000000569bf5d0 is pointing into the stack for thread: 0x0000000055008000
RBP=0x0000000000000000 is an unknown value
RSI=0x0000000000000006 is an unknown value
RDI=0x00000000594a4790 is an unknown value
R8 =0x0000000000000200 is an unknown value
R9 =0x0000000055008000 is a thread
R10=0x0000000000000000 is an unknown value
R11=0x0000000000000000 is an unknown value
R12=0x0000000000000000 is an unknown value
R13=0x000000005500f2f8 is an unknown value
R14=0x0000000000000000 is an unknown value
R15=0x0000000000000000 is an unknown value


Stack: [0x00000000568c0000,0x00000000569c0000],  sp=0x00000000569bf5d0,  free space=1021k
Native frames: (J=compiled Java code, j=interpreted, Vv=VM code, C=native code)


---------------  P R O C E S S  ---------------

Java Threads: ( => current thread )
  0x000000005793d000 JavaThread "JMX server connection timeout 19" daemon [_thread_blocked, id=1896, stack(0x0000000058760000,0x0000000058860000)]
  0x0000000057926000 JavaThread "RMI TCP Connection(2)-127.0.0.1" daemon [_thread_in_native, id=6648, stack(0x0000000058a20000,0x0000000058b20000)]
  0x000000005791c800 JavaThread "RMI Scheduler(0)" daemon [_thread_blocked, id=6400, stack(0x00000000588a0000,0x00000000589a0000)]
  0x0000000057917000 JavaThread "RMI TCP Connection(1)-127.0.0.1" daemon [_thread_in_native, id=5764, stack(0x00000000585d0000,0x00000000586d0000)]
  0x0000000057630000 JavaThread "RMI TCP Accept-0" daemon [_thread_in_native, id=4708, stack(0x0000000057d30000,0x0000000057e30000)]
  0x0000000057609000 JavaThread "RMI TCP Accept-53788" daemon [_thread_in_native, id=3372, stack(0x0000000058030000,0x0000000058130000)]
  0x0000000057602800 JavaThread "RMI TCP Accept-0" daemon [_thread_in_native, id=612, stack(0x0000000057ea0000,0x0000000057fa0000)]
  0x0000000056faf800 JavaThread "Service Thread" daemon [_thread_blocked, id=6968, stack(0x0000000057c00000,0x0000000057d00000)]
  0x0000000056f51800 JavaThread "C1 CompilerThread1" daemon [_thread_blocked, id=5160, stack(0x0000000057270000,0x0000000057370000)]
  0x0000000056f50800 JavaThread "C2 CompilerThread0" daemon [_thread_blocked, id=5612, stack(0x0000000057080000,0x0000000057180000)]
  0x0000000055014800 JavaThread "JDWP Command Reader" daemon [_thread_in_native, id=6916, stack(0x00000000567b0000,0x00000000568b0000)]
  0x0000000055011000 JavaThread "JDWP Event Helper Thread" daemon [_thread_blocked, id=7060, stack(0x0000000056ab0000,0x0000000056bb0000)]
=>0x0000000055008000 JavaThread "JDWP Transport Listener: dt_socket" daemon [_thread_in_vm, id=4300, stack(0x00000000568c0000,0x00000000569c0000)]
  0x0000000054ffc800 JavaThread "Attach Listener" daemon [_thread_blocked, id=6904, stack(0x0000000055ee0000,0x0000000055fe0000)]
  0x0000000054ffb800 JavaThread "Signal Dispatcher" daemon [_thread_blocked, id=5784, stack(0x0000000056170000,0x0000000056270000)]
  0x0000000054fe0800 JavaThread "Finalizer" daemon [_thread_blocked, id=1476, stack(0x0000000055fe0000,0x00000000560e0000)]
  0x0000000054f99800 JavaThread "Reference Handler" daemon [_thread_blocked, id=4924, stack(0x0000000055d60000,0x0000000055e60000)]
  0x0000000002091000 JavaThread "main" [_thread_blocked, id=6168, stack(0x00000000022d0000,0x00000000023d0000)]

Other Threads:
  0x0000000054f91000 VMThread [stack: 0x0000000055be0000,0x0000000055ce0000] [id=6800]
  0x0000000057637000 WatcherThread [stack: 0x00000000581d0000,0x00000000582d0000] [id=6752]

VM state:not at safepoint (normal execution)

VM Mutex/Monitor currently owned by a thread: None

Heap:
 PSYoungGen      total 135680K, used 75580K [0x00000000eab00000, 0x00000000f3500000, 0x0000000100000000)
  eden space 130048K, 58% used [0x00000000eab00000,0x00000000ef4cf0b0,0x00000000f2a00000)
  from space 5632K, 0% used [0x00000000f2f80000,0x00000000f2f80000,0x00000000f3500000)
  to   space 5632K, 0% used [0x00000000f2a00000,0x00000000f2a00000,0x00000000f2f80000)
 ParOldGen       total 32768K, used 7259K [0x00000000c0000000, 0x00000000c2000000, 0x00000000eab00000)
  object space 32768K, 22% used [0x00000000c0000000,0x00000000c0716f78,0x00000000c2000000)
 Metaspace       used 20621K, capacity 21482K, committed 21552K, reserved 1069056K
  class space    used 2659K, capacity 2859K, committed 2864K, reserved 1048576K

Card table byte_map: [0x0000000011b60000,0x0000000011d70000] byte_map_base: 0x0000000011560000

Marking Bits: (ParMarkBitMap*) 0x0000000064d8b6d0
 Begin Bits: [0x0000000012430000, 0x0000000013430000)
 End Bits:   [0x0000000013430000, 0x0000000014430000)

Polling page: 0x0000000000220000

CodeCache: size=245760Kb used=4851Kb max_used=4851Kb free=240908Kb
 bounds [0x00000000027a0000, 0x0000000002c60000, 0x00000000117a0000]
 total_blobs=2485 nmethods=2090 adapters=316
 compilation: enabled

Compilation events (10 events):
Event: 4.052 Thread 0x0000000056f51800 2086       1       org.springframework.util.ReflectionUtils::invokeMethod (9 bytes)
Event: 4.053 Thread 0x0000000056f51800 nmethod 2086 0x0000000002c5b750 code [0x0000000002c5b8e0, 0x0000000002c5bae8]
Event: 4.053 Thread 0x0000000056f51800 2087   !   1       org.springframework.util.ReflectionUtils::invokeMethod (22 bytes)
Event: 4.053 Thread 0x0000000056f51800 nmethod 2087 0x0000000002c5bcd0 code [0x0000000002c5be60, 0x0000000002c5c088]
Event: 4.055 Thread 0x0000000056f51800 2088       1       org.springframework.core.type.AnnotationMetadata$$Lambda$162/1731217984::apply (8 bytes)
Event: 4.055 Thread 0x0000000056f51800 nmethod 2088 0x0000000002c5c210 code [0x0000000002c5c380, 0x0000000002c5c578]
Event: 4.055 Thread 0x0000000056f51800 2089       1       org.springframework.core.type.AnnotationMetadata::lambda$getAnnotationTypes$0 (10 bytes)
Event: 4.055 Thread 0x0000000056f51800 nmethod 2089 0x0000000002c5c690 code [0x0000000002c5c800, 0x0000000002c5c978]
Event: 4.056 Thread 0x0000000056f51800 2090       1       org.springframework.core.type.StandardAnnotationMetadata::getAnnotations (5 bytes)
Event: 4.056 Thread 0x0000000056f51800 nmethod 2090 0x0000000002c5ca50 code [0x0000000002c5cba0, 0x0000000002c5ccb0]

GC Heap History (10 events):
Event: 2.264 GC heap before
{Heap before GC invocations=5 (full 0):
 PSYoungGen      total 35328K, used 35312K [0x00000000eab00000, 0x00000000ed000000, 0x0000000100000000)
  eden space 32768K, 100% used [0x00000000eab00000,0x00000000ecb00000,0x00000000ecb00000)
  from space 2560K, 99% used [0x00000000ecd80000,0x00000000ecffc010,0x00000000ed000000)
  to   space 2560K, 0% used [0x00000000ecb00000,0x00000000ecb00000,0x00000000ecd80000)
 ParOldGen       total 44032K, used 2888K [0x00000000c0000000, 0x00000000c2b00000, 0x00000000eab00000)
  object space 44032K, 6% used [0x00000000c0000000,0x00000000c02d2290,0x00000000c2b00000)
 Metaspace       used 15982K, capacity 16582K, committed 16768K, reserved 1064960K
  class space    used 1983K, capacity 2143K, committed 2176K, reserved 1048576K
Event: 2.275 GC heap after
Heap after GC invocations=5 (full 0):
 PSYoungGen      total 35328K, used 2560K [0x00000000eab00000, 0x00000000ef500000, 0x0000000100000000)
  eden space 32768K, 0% used [0x00000000eab00000,0x00000000eab00000,0x00000000ecb00000)
  from space 2560K, 100% used [0x00000000ecb00000,0x00000000ecd80000,0x00000000ecd80000)
  to   space 5120K, 0% used [0x00000000ef000000,0x00000000ef000000,0x00000000ef500000)
 ParOldGen       total 44032K, used 5065K [0x00000000c0000000, 0x00000000c2b00000, 0x00000000eab00000)
  object space 44032K, 11% used [0x00000000c0000000,0x00000000c04f27d8,0x00000000c2b00000)
 Metaspace       used 15982K, capacity 16582K, committed 16768K, reserved 1064960K
  class space    used 1983K, capacity 2143K, committed 2176K, reserved 1048576K
}
Event: 2.676 GC heap before
{Heap before GC invocations=6 (full 0):
 PSYoungGen      total 35328K, used 35328K [0x00000000eab00000, 0x00000000ef500000, 0x0000000100000000)
  eden space 32768K, 100% used [0x00000000eab00000,0x00000000ecb00000,0x00000000ecb00000)
  from space 2560K, 100% used [0x00000000ecb00000,0x00000000ecd80000,0x00000000ecd80000)
  to   space 5120K, 0% used [0x00000000ef000000,0x00000000ef000000,0x00000000ef500000)
 ParOldGen       total 44032K, used 5065K [0x00000000c0000000, 0x00000000c2b00000, 0x00000000eab00000)
  object space 44032K, 11% used [0x00000000c0000000,0x00000000c04f27d8,0x00000000c2b00000)
 Metaspace       used 17946K, capacity 18556K, committed 18688K, reserved 1064960K
  class space    used 2286K, capacity 2448K, committed 2560K, reserved 1048576K
Event: 2.692 GC heap after
Heap after GC invocations=6 (full 0):
 PSYoungGen      total 70144K, used 4947K [0x00000000eab00000, 0x00000000ef600000, 0x0000000100000000)
  eden space 65024K, 0% used [0x00000000eab00000,0x00000000eab00000,0x00000000eea80000)
  from space 5120K, 96% used [0x00000000ef000000,0x00000000ef4d4ed0,0x00000000ef500000)
  to   space 5632K, 0% used [0x00000000eea80000,0x00000000eea80000,0x00000000ef000000)
 ParOldGen       total 44032K, used 5073K [0x00000000c0000000, 0x00000000c2b00000, 0x00000000eab00000)
  object space 44032K, 11% used [0x00000000c0000000,0x00000000c04f47d8,0x00000000c2b00000)
 Metaspace       used 17946K, capacity 18556K, committed 18688K, reserved 1064960K
  class space    used 2286K, capacity 2448K, committed 2560K, reserved 1048576K
}
Event: 3.151 GC heap before
{Heap before GC invocations=7 (full 0):
 PSYoungGen      total 70144K, used 69971K [0x00000000eab00000, 0x00000000ef600000, 0x0000000100000000)
  eden space 65024K, 100% used [0x00000000eab00000,0x00000000eea80000,0x00000000eea80000)
  from space 5120K, 96% used [0x00000000ef000000,0x00000000ef4d4ed0,0x00000000ef500000)
  to   space 5632K, 0% used [0x00000000eea80000,0x00000000eea80000,0x00000000ef000000)
 ParOldGen       total 44032K, used 5073K [0x00000000c0000000, 0x00000000c2b00000, 0x00000000eab00000)
  object space 44032K, 11% used [0x00000000c0000000,0x00000000c04f47d8,0x00000000c2b00000)
 Metaspace       used 19556K, capacity 20322K, committed 20480K, reserved 1067008K
  class space    used 2509K, capacity 2721K, committed 2816K, reserved 1048576K
Event: 3.163 GC heap after
Heap after GC invocations=7 (full 0):
 PSYoungGen      total 70656K, used 4145K [0x00000000eab00000, 0x00000000f3500000, 0x0000000100000000)
  eden space 65024K, 0% used [0x00000000eab00000,0x00000000eab00000,0x00000000eea80000)
  from space 5632K, 73% used [0x00000000eea80000,0x00000000eee8c500,0x00000000ef000000)
  to   space 5632K, 0% used [0x00000000f2f80000,0x00000000f2f80000,0x00000000f3500000)
 ParOldGen       total 44032K, used 6522K [0x00000000c0000000, 0x00000000c2b00000, 0x00000000eab00000)
  object space 44032K, 14% used [0x00000000c0000000,0x00000000c065e840,0x00000000c2b00000)
 Metaspace       used 19556K, capacity 20322K, committed 20480K, reserved 1067008K
  class space    used 2509K, capacity 2721K, committed 2816K, reserved 1048576K
}
Event: 3.570 GC heap before
{Heap before GC invocations=8 (full 0):
 PSYoungGen      total 70656K, used 44583K [0x00000000eab00000, 0x00000000f3500000, 0x0000000100000000)
  eden space 65024K, 62% used [0x00000000eab00000,0x00000000ed27d9f8,0x00000000eea80000)
  from space 5632K, 73% used [0x00000000eea80000,0x00000000eee8c500,0x00000000ef000000)
  to   space 5632K, 0% used [0x00000000f2f80000,0x00000000f2f80000,0x00000000f3500000)
 ParOldGen       total 44032K, used 6522K [0x00000000c0000000, 0x00000000c2b00000, 0x00000000eab00000)
  object space 44032K, 14% used [0x00000000c0000000,0x00000000c065e840,0x00000000c2b00000)
 Metaspace       used 20431K, capacity 21242K, committed 21296K, reserved 1067008K
  class space    used 2623K, capacity 2847K, committed 2864K, reserved 1048576K
Event: 3.581 GC heap after
Heap after GC invocations=8 (full 0):
 PSYoungGen      total 135680K, used 4263K [0x00000000eab00000, 0x00000000f3500000, 0x0000000100000000)
  eden space 130048K, 0% used [0x00000000eab00000,0x00000000eab00000,0x00000000f2a00000)
  from space 5632K, 75% used [0x00000000f2f80000,0x00000000f33a9cc0,0x00000000f3500000)
  to   space 5632K, 0% used [0x00000000f2a00000,0x00000000f2a00000,0x00000000f2f80000)
 ParOldGen       total 44032K, used 7161K [0x00000000c0000000, 0x00000000c2b00000, 0x00000000eab00000)
  object space 44032K, 16% used [0x00000000c0000000,0x00000000c06fe6a0,0x00000000c2b00000)
 Metaspace       used 20431K, capacity 21242K, committed 21296K, reserved 1067008K
  class space    used 2623K, capacity 2847K, committed 2864K, reserved 1048576K
}
Event: 3.581 GC heap before
{Heap before GC invocations=9 (full 1):
 PSYoungGen      total 135680K, used 4263K [0x00000000eab00000, 0x00000000f3500000, 0x0000000100000000)
  eden space 130048K, 0% used [0x00000000eab00000,0x00000000eab00000,0x00000000f2a00000)
  from space 5632K, 75% used [0x00000000f2f80000,0x00000000f33a9cc0,0x00000000f3500000)
  to   space 5632K, 0% used [0x00000000f2a00000,0x00000000f2a00000,0x00000000f2f80000)
 ParOldGen       total 44032K, used 7161K [0x00000000c0000000, 0x00000000c2b00000, 0x00000000eab00000)
  object space 44032K, 16% used [0x00000000c0000000,0x00000000c06fe6a0,0x00000000c2b00000)
 Metaspace       used 20431K, capacity 21242K, committed 21296K, reserved 1067008K
  class space    used 2623K, capacity 2847K, committed 2864K, reserved 1048576K
Event: 3.652 GC heap after
Heap after GC invocations=9 (full 1):
 PSYoungGen      total 135680K, used 0K [0x00000000eab00000, 0x00000000f3500000, 0x0000000100000000)
  eden space 130048K, 0% used [0x00000000eab00000,0x00000000eab00000,0x00000000f2a00000)
  from space 5632K, 0% used [0x00000000f2f80000,0x00000000f2f80000,0x00000000f3500000)
  to   space 5632K, 0% used [0x00000000f2a00000,0x00000000f2a00000,0x00000000f2f80000)
 ParOldGen       total 32768K, used 7259K [0x00000000c0000000, 0x00000000c2000000, 0x00000000eab00000)
  object space 32768K, 22% used [0x00000000c0000000,0x00000000c0716f78,0x00000000c2000000)
 Metaspace       used 20430K, capacity 21236K, committed 21296K, reserved 1067008K
  class space    used 2622K, capacity 2846K, committed 2864K, reserved 1048576K
}

Deoptimization events (0 events):
No events

Internal exceptions (10 events):
Event: 2.864 Thread 0x0000000002091000 Exception <a 'java/lang/ClassNotFoundException': org/springframework/beans/factory/AwareCustomizer> (0x00000000eb53ed10) thrown at [C:\re\workspace\8-2-build-windows-amd64-cygwin\jdk8u121\8372\hotspot\src\share\vm\classfile\systemDictionary.cpp, line 210]
Event: 2.866 Thread 0x0000000002091000 Exception <a 'java/lang/ClassNotFoundException': org/springframework/beans/factory/BeanClassLoaderAwareCustomizer> (0x00000000eb552448) thrown at [C:\re\workspace\8-2-build-windows-amd64-cygwin\jdk8u121\8372\hotspot\src\share\vm\classfile\systemDictionary
Event: 2.867 Thread 0x0000000002091000 Exception <a 'java/lang/ClassNotFoundException': org/springframework/beans/factory/AwareCustomizer> (0x00000000eb563870) thrown at [C:\re\workspace\8-2-build-windows-amd64-cygwin\jdk8u121\8372\hotspot\src\share\vm\classfile\systemDictionary.cpp, line 210]
Event: 2.868 Thread 0x0000000002091000 Exception <a 'java/lang/ClassNotFoundException': org/springframework/context/EnvironmentAwareCustomizer> (0x00000000eb574b88) thrown at [C:\re\workspace\8-2-build-windows-amd64-cygwin\jdk8u121\8372\hotspot\src\share\vm\classfile\systemDictionary.cpp, line
Event: 2.869 Thread 0x0000000002091000 Exception <a 'java/lang/ClassNotFoundException': org/springframework/beans/factory/AwareCustomizer> (0x00000000eb585e50) thrown at [C:\re\workspace\8-2-build-windows-amd64-cygwin\jdk8u121\8372\hotspot\src\share\vm\classfile\systemDictionary.cpp, line 210]
Event: 3.048 Thread 0x0000000002091000 Exception <a 'java/lang/NoSuchMethodError': java.lang.Object.lambda$or$2(Ljava/util/function/Predicate;Ljava/lang/Object;)Z> (0x00000000ec016150) thrown at [C:\re\workspace\8-2-build-windows-amd64-cygwin\jdk8u121\8372\hotspot\src\share\vm\interpreter\link
Event: 3.202 Thread 0x0000000057926000 Exception <a 'java/lang/reflect/InvocationTargetException'> (0x00000000eaf315f8) thrown at [C:\re\workspace\8-2-build-windows-amd64-cygwin\jdk8u121\8372\hotspot\src\share\vm\runtime\reflection.cpp, line 1092]
Event: 3.252 Thread 0x0000000002091000 Exception <a 'java/lang/IncompatibleClassChangeError': Found class java.lang.Object, but interface was expected> (0x00000000eb2f2b88) thrown at [C:\re\workspace\8-2-build-windows-amd64-cygwin\jdk8u121\8372\hotspot\src\share\vm\interpreter\linkResolver.cpp
Event: 3.309 Thread 0x0000000002091000 Exception <a 'java/lang/NoSuchMethodError': java.lang.Object.lambda$getAllAnnotationAttributes$0(Lorg/springframework/util/MultiValueMap;)Lorg/springframework/util/MultiValueMap;> (0x00000000eb5f7a68) thrown at [C:\re\workspace\8-2-build-windows-amd64-cyg
Event: 3.706 Thread 0x0000000057926000 Exception <a 'java/lang/reflect/InvocationTargetException'> (0x00000000eafe85a0) thrown at [C:\re\workspace\8-2-build-windows-amd64-cygwin\jdk8u121\8372\hotspot\src\share\vm\runtime\reflection.cpp, line 1092]

Events (10 events):
Event: 4.050 loading class org/springframework/context/annotation/AdviceModeImportSelector
Event: 4.050 loading class org/springframework/context/annotation/AdviceModeImportSelector done
Event: 4.050 Thread 0x0000000002091000 DEOPT PACKING pc=0x00000000029d39b9 sp=0x00000000023c9670
Event: 4.050 Thread 0x0000000002091000 DEOPT UNPACKING pc=0x00000000027e747f sp=0x00000000023c93c0 mode 1
Event: 4.050 Thread 0x0000000002091000 DEOPT PACKING pc=0x00000000029a0e64 sp=0x00000000023c96f0
Event: 4.050 Thread 0x0000000002091000 DEOPT UNPACKING pc=0x00000000027e747f sp=0x00000000023c9510 mode 1
Event: 4.050 Thread 0x0000000002091000 DEOPT PACKING pc=0x00000000029a0dac sp=0x00000000023c9880
Event: 4.050 Thread 0x0000000002091000 DEOPT UNPACKING pc=0x00000000027e747f sp=0x00000000023c96a0 mode 1
Event: 4.053 Thread 0x00000000594d1800 Thread added: 0x00000000594d1800
Event: 4.054 Thread 0x00000000594d1800 Thread exited: 0x00000000594d1800


Dynamic libraries:
0x000000013f680000 - 0x000000013f6b7000 	C:\Program Files\Java\jre1.8.0_121\bin\javaw.exe
0x0000000076db0000 - 0x0000000076f59000 	C:\Windows\SYSTEM32\ntdll.dll
0x0000000076b90000 - 0x0000000076caf000 	C:\Windows\system32\kernel32.dll
0x000007fefcfc0000 - 0x000007fefd02b000 	C:\Windows\system32\KERNELBASE.dll
0x000007fefd4a0000 - 0x000007fefd57b000 	C:\Windows\system32\ADVAPI32.dll
0x000007fefeef0000 - 0x000007fefef8f000 	C:\Windows\system32\msvcrt.dll
0x000007fefe990000 - 0x000007fefe9af000 	C:\Windows\SYSTEM32\sechost.dll
0x000007fefd0d0000 - 0x000007fefd1fd000 	C:\Windows\system32\RPCRT4.dll
0x0000000076cb0000 - 0x0000000076daa000 	C:\Windows\system32\USER32.dll
0x000007fefd280000 - 0x000007fefd2e7000 	C:\Windows\system32\GDI32.dll
0x000007fefeec0000 - 0x000007fefeece000 	C:\Windows\system32\LPK.dll
0x000007fefeb80000 - 0x000007fefec49000 	C:\Windows\system32\USP10.dll
0x000007fefb750000 - 0x000007fefb944000 	C:\Windows\WinSxS\amd64_microsoft.windows.common-controls_6595b64144ccf1df_6.0.7601.17514_none_fa396087175ac9ac\COMCTL32.dll
0x000007fefee30000 - 0x000007fefeea1000 	C:\Windows\system32\SHLWAPI.dll
0x000007fefd3d0000 - 0x000007fefd3fe000 	C:\Windows\system32\IMM32.DLL
0x000007fefd7f0000 - 0x000007fefd8f9000 	C:\Windows\system32\MSCTF.dll
0x0000000060480000 - 0x0000000060552000 	C:\Program Files\Java\jre1.8.0_121\bin\msvcr100.dll
0x0000000064570000 - 0x0000000064e0b000 	C:\Program Files\Java\jre1.8.0_121\bin\server\jvm.dll
0x000007fef3930000 - 0x000007fef3939000 	C:\Windows\system32\WSOCK32.dll
0x000007fefe9b0000 - 0x000007fefe9fd000 	C:\Windows\system32\WS2_32.dll
0x000007fefeeb0000 - 0x000007fefeeb8000 	C:\Windows\system32\NSI.dll
0x000007fefa530000 - 0x000007fefa56b000 	C:\Windows\system32\WINMM.dll
0x000007fefbe40000 - 0x000007fefbe4c000 	C:\Windows\system32\VERSION.dll
0x0000000076f80000 - 0x0000000076f87000 	C:\Windows\system32\PSAPI.DLL
0x0000000072890000 - 0x000000007289f000 	C:\Program Files\Java\jre1.8.0_121\bin\verify.dll
0x0000000072860000 - 0x0000000072889000 	C:\Program Files\Java\jre1.8.0_121\bin\java.dll
0x0000000060600000 - 0x0000000060635000 	C:\Program Files\Java\jre1.8.0_121\bin\jdwp.dll
0x0000000074ab0000 - 0x0000000074ab8000 	C:\Program Files\Java\jre1.8.0_121\bin\npt.dll
0x00000000605d0000 - 0x00000000605f3000 	C:\Program Files\Java\jre1.8.0_121\bin\instrument.dll
0x00000000679e0000 - 0x00000000679f6000 	C:\Program Files\Java\jre1.8.0_121\bin\zip.dll
0x000007fefd9a0000 - 0x000007fefe728000 	C:\Windows\system32\SHELL32.dll
0x000007fefd580000 - 0x000007fefd783000 	C:\Windows\system32\ole32.dll
0x000007fefcd00000 - 0x000007fefcd0f000 	C:\Windows\system32\profapi.dll
0x0000000074ac0000 - 0x0000000074ac9000 	C:\Program Files\Java\jre1.8.0_121\bin\dt_socket.dll
0x000007fefa840000 - 0x000007fefa855000 	C:\Windows\system32\NLAapi.dll
0x000007fefaf00000 - 0x000007fefaf15000 	C:\Windows\system32\napinsp.dll
0x000007fefaee0000 - 0x000007fefaef9000 	C:\Windows\system32\pnrpnsp.dll
0x000007fefaed0000 - 0x000007fefaee0000 	C:\Windows\system32\wshbth.dll
0x000007fefc570000 - 0x000007fefc5c5000 	C:\Windows\System32\mswsock.dll
0x000007fefc3f0000 - 0x000007fefc44b000 	C:\Windows\system32\DNSAPI.dll
0x000007fefaec0000 - 0x000007fefaecb000 	C:\Windows\System32\winrnr.dll
0x000007fefa190000 - 0x000007fefa1b7000 	C:\Windows\system32\IPHLPAPI.DLL
0x000007fefa180000 - 0x000007fefa18b000 	C:\Windows\system32\WINNSI.DLL
0x000007fef9ff0000 - 0x000007fefa043000 	C:\Windows\System32\fwpuclnt.dll
0x000007fef96a0000 - 0x000007fef96a8000 	C:\Windows\system32\rasadhlp.dll
0x000007fefbf10000 - 0x000007fefbf17000 	C:\Windows\System32\wshtcpip.dll
0x0000000074550000 - 0x000000007455d000 	C:\Program Files\Java\jre1.8.0_121\bin\management.dll
0x00000000679c0000 - 0x00000000679da000 	C:\Program Files\Java\jre1.8.0_121\bin\net.dll
0x000007fefc560000 - 0x000007fefc567000 	C:\Windows\System32\wship6.dll
0x0000000064550000 - 0x0000000064561000 	C:\Program Files\Java\jre1.8.0_121\bin\nio.dll
0x000007fefc5d0000 - 0x000007fefc5e7000 	C:\Windows\system32\CRYPTSP.dll
0x000007fefc2d0000 - 0x000007fefc317000 	C:\Windows\system32\rsaenh.dll
0x000007fefc050000 - 0x000007fefc06e000 	C:\Windows\system32\USERENV.dll
0x000007fefcc30000 - 0x000007fefcc3f000 	C:\Windows\system32\CRYPTBASE.dll
0x000007fef9f70000 - 0x000007fef9f88000 	C:\Windows\system32\dhcpcsvc.DLL
0x000007fef9f50000 - 0x000007fef9f61000 	C:\Windows\system32\dhcpcsvc6.DLL
0x000007fefac60000 - 0x000007fefad85000 	C:\Windows\system32\dbghelp.dll

VM Arguments:
jvm_args: -agentlib:jdwp=transport=dt_socket,suspend=y,address=localhost:53789 -Dcom.sun.management.jmxremote -Dcom.sun.management.jmxremote.port=53788 -Dcom.sun.management.jmxremote.authenticate=false -Dcom.sun.management.jmxremote.ssl=false -Djava.rmi.server.hostname=localhost -Dspring.jmx.enabled=true -Dspring.application.admin.enabled=true -Xverify:none -XX:TieredStopAtLevel=1 -Dspring.boot.project.name=ApiRestProyectoAngular -javaagent:C:\Users\Agus_Windows7\Desktop\programas\spring eclipse\sts-4.7.0.RELEASE\configuration\org.eclipse.osgi\248\0\.cp\lib\javaagent-shaded.jar -Dfile.encoding=UTF-8 
java_command: com.apirestproyangular.core.ApiRestProyectoAngularApplication --spring.output.ansi.enabled=always
java_class_path (initial): C:\Users\Agus_Windows7\gitSpring\git\ApiRestProyectoAngular\target\classes;C:\Users\Agus_Windows7\.m2\repository\commons-io\commons-io\2.6\commons-io-2.6.jar;C:\Users\Agus_Windows7\.m2\repository\org\springframework\boot\spring-boot-starter-data-jpa\2.3.1.RELEASE\spring-boot-starter-data-jpa-2.3.1.RELEASE.jar;C:\Users\Agus_Windows7\.m2\repository\org\springframework\boot\spring-boot-starter-aop\2.3.1.RELEASE\spring-boot-starter-aop-2.3.1.RELEASE.jar;C:\Users\Agus_Windows7\.m2\repository\org\springframework\spring-aop\5.2.7.RELEASE\spring-aop-5.2.7.RELEASE.jar;C:\Users\Agus_Windows7\.m2\repository\org\aspectj\aspectjweaver\1.9.5\aspectjweaver-1.9.5.jar;C:\Users\Agus_Windows7\.m2\repository\org\springframework\boot\spring-boot-starter-jdbc\2.3.1.RELEASE\spring-boot-starter-jdbc-2.3.1.RELEASE.jar;C:\Users\Agus_Windows7\.m2\repository\com\zaxxer\HikariCP\3.4.5\HikariCP-3.4.5.jar;C:\Users\Agus_Windows7\.m2\repository\org\springframework\spring-jdbc\5.2.7.RELEASE\spring-jdbc-5.2.7.RELEASE.jar;C:\Users\Agus_Windows7\.m2\repository\jakarta\transaction\jakarta.transaction-api\1.3.3\jakarta.transaction-api-1.3.3.jar;C:\Users\Agus_Windows7\.m2\repository\jakarta\persistence\jakarta.persistence-api\2.2.3\jakarta.persistence-api-2.2.3.jar;C:\Users\Agus_Windows7\.m2\repository\org\hibernate\hibernate-core\5.4.17.Final\hibernate-core-5.4.17.Final.jar;C:\Users\Agus_Windows7\.m2\repository\org\jboss\logging\jboss-logging\3.4.1.Final\jboss-logging-3.4.1.Final.jar;C:\Users\Agus_Windows7\.m2\repository\org\javassist\javassist\3.24.0-GA\javassist-3.24.0-GA.jar;C:\Users\Agus_Windows7\.m2\repository\net\bytebuddy\byte-buddy\1.10.11\byte-buddy-1.10.11.jar;C:\Users\Agus_Windows7\.m2\repository\antlr\antlr\2.7.7\antlr-2.7.7.jar;C:\Users\Agus_Windows7\.m2\repository\org\jboss\jandex\2.1.3.Final\jandex-2.1.3.Final.jar;C:\Users\Agus_Windows7\.m2\repository\com\fasterxml\classmate\1.5.1\classmate-1.5.1.jar;C:\Users\Agus_Windows7\.m2\repository\org\dom4j\dom4j\2.1.3\d
Launcher Type: SUN_STANDARD

Environment Variables:
PATH=C:/Program Files/Java/jre1.8.0_121/bin/server;C:/Program Files/Java/jre1.8.0_121/bin;C:/Program Files/Java/jre1.8.0_121/lib/amd64;C:\ProgramData\Oracle\Java\javapath;C:\Program Files (x86)\NVIDIA Corporation\PhysX\Common;C:\Windows\system32;C:\Windows;C:\Windows\System32\Wbem;C:\Windows\System32\WindowsPowerShell\v1.0\;C:\Program Files\MySQL\MySQL Utilities 1.6\;C:\Program Files\Microsoft SQL Server\130\Tools\Binn\;C:\Program Files\nodejs\;C:\Program Files\dotnet\;C:\xampp\php;C:\ProgramData\ComposerSetup\bin;;C:\Users\Agus_Windows7\AppData\Local\Programs\Microsoft VS Code\bin;C:\Users\Agus_Windows7\AppData\Roaming\npm;C:\Users\Agus_Windows7\AppData\Roaming\Composer\vendor\bin;C:\xampp2\php;C:\Users\Agus_Windows7\Desktop\programas\spring eclipse\sts-4.7.0.RELEASE;
USERNAME=Agus_Windows7
OS=Windows_NT
PROCESSOR_IDENTIFIER=AMD64 Family 16 Model 5 Stepping 3, AuthenticAMD



---------------  S Y S T E M  ---------------

OS: Windows 7 , 64 bit Build 7601 (6.1.7601.18015)

CPU:total 3 (3 cores per cpu, 1 threads per core) family 16 model 5 stepping 3, cmov, cx8, fxsr, mmx, sse, sse2, sse3, popcnt, mmxext, 3dnowpref, lzcnt, sse4a, tsc, tscinvbit, tscinv

Memory: 4k page, physical 4193592k(1132060k free), swap 8385320k(2691164k free)

vm_info: Java HotSpot(TM) 64-Bit Server VM (25.121-b13) for windows-amd64 JRE (1.8.0_121-b13), built on Dec 12 2016 18:21:36 by "java_re" with MS VC++ 10.0 (VS2010)

time: Thu Oct 01 18:50:10 2020
elapsed time: 4 seconds (0d 0h 0m 4s)

